;  LST file generated by mikroListExporter - v.2.0 
; Date/Time: 2017-12-18 17:30:55
;----------------------------------------------

;Address Opcode 	ASM
0x0000	0x2A4E      	GOTO       590
_Delay_1us:
;__Lib_Delays.c,7 :: 		void Delay_1us() {
;__Lib_Delays.c,8 :: 		Delay_us(1);
0x0003	0x0000      	NOP
0x0004	0x0000      	NOP
;__Lib_Delays.c,9 :: 		}
L_end_Delay_1us:
0x0005	0x0008      	RETURN
; end of _Delay_1us
_Delay_50us:
;__Lib_Delays.c,19 :: 		void Delay_50us() {
;__Lib_Delays.c,20 :: 		Delay_us(50);
0x0006	0x3021      	MOVLW      33
0x0007	0x1283      	BCF        STATUS, 5
0x0008	0x1303      	BCF        STATUS, 6
0x0009	0x00FD      	MOVWF      R13
L_Delay_50us2:
0x000A	0x0BFD      	DECFSZ     R13, 1
0x000B	0x280A      	GOTO       L_Delay_50us2
;__Lib_Delays.c,21 :: 		}
L_end_Delay_50us:
0x000C	0x0008      	RETURN
; end of _Delay_50us
_Delay_5500us:
;__Lib_Delays.c,31 :: 		void Delay_5500us() {
;__Lib_Delays.c,32 :: 		Delay_us(5500);
0x000D	0x300F      	MOVLW      15
0x000E	0x1283      	BCF        STATUS, 5
0x000F	0x1303      	BCF        STATUS, 6
0x0010	0x00FC      	MOVWF      R12
0x0011	0x3047      	MOVLW      71
0x0012	0x00FD      	MOVWF      R13
L_Delay_5500us5:
0x0013	0x0BFD      	DECFSZ     R13, 1
0x0014	0x2813      	GOTO       L_Delay_5500us5
0x0015	0x0BFC      	DECFSZ     R12, 1
0x0016	0x2813      	GOTO       L_Delay_5500us5
0x0017	0x0000      	NOP
0x0018	0x0000      	NOP
;__Lib_Delays.c,33 :: 		}
L_end_Delay_5500us:
0x0019	0x0008      	RETURN
; end of _Delay_5500us
_Lcd_Cmd:
;__Lib_Lcd.c,18 :: 		
;__Lib_Lcd.c,20 :: 		
0x001A	0x1283      	BCF        STATUS, 5
0x001B	0x1303      	BCF        STATUS, 6
0x001C	0x1BD9      	BTFSC      FARG_Lcd_Cmd_out_char, 7
0x001D	0x2820      	GOTO       L__Lcd_Cmd21
0x001E	0x1186      	BCF        LCD_D7, BitPos(LCD_D7+0)
0x001F	0x2821      	GOTO       L__Lcd_Cmd22
L__Lcd_Cmd21:
0x0020	0x1586      	BSF        LCD_D7, BitPos(LCD_D7+0)
L__Lcd_Cmd22:
;__Lib_Lcd.c,21 :: 		
0x0021	0x1B59      	BTFSC      FARG_Lcd_Cmd_out_char, 6
0x0022	0x2825      	GOTO       L__Lcd_Cmd23
0x0023	0x1106      	BCF        LCD_D6, BitPos(LCD_D6+0)
0x0024	0x2826      	GOTO       L__Lcd_Cmd24
L__Lcd_Cmd23:
0x0025	0x1506      	BSF        LCD_D6, BitPos(LCD_D6+0)
L__Lcd_Cmd24:
;__Lib_Lcd.c,22 :: 		
0x0026	0x1AD9      	BTFSC      FARG_Lcd_Cmd_out_char, 5
0x0027	0x282A      	GOTO       L__Lcd_Cmd25
0x0028	0x1086      	BCF        LCD_D5, BitPos(LCD_D5+0)
0x0029	0x282B      	GOTO       L__Lcd_Cmd26
L__Lcd_Cmd25:
0x002A	0x1486      	BSF        LCD_D5, BitPos(LCD_D5+0)
L__Lcd_Cmd26:
;__Lib_Lcd.c,23 :: 		
0x002B	0x1A59      	BTFSC      FARG_Lcd_Cmd_out_char, 4
0x002C	0x282F      	GOTO       L__Lcd_Cmd27
0x002D	0x1006      	BCF        LCD_D4, BitPos(LCD_D4+0)
0x002E	0x2830      	GOTO       L__Lcd_Cmd28
L__Lcd_Cmd27:
0x002F	0x1406      	BSF        LCD_D4, BitPos(LCD_D4+0)
L__Lcd_Cmd28:
;__Lib_Lcd.c,25 :: 		
0x0030	0x184B      	BTFSC      __Lib_Lcd_cmd_status, BitPos(__Lib_Lcd_cmd_status+0)
0x0031	0x2834      	GOTO       L__Lcd_Cmd29
0x0032	0x1606      	BSF        LCD_RS, BitPos(LCD_RS+0)
0x0033	0x2835      	GOTO       L__Lcd_Cmd30
L__Lcd_Cmd29:
0x0034	0x1206      	BCF        LCD_RS, BitPos(LCD_RS+0)
L__Lcd_Cmd30:
;__Lib_Lcd.c,28 :: 		
0x0035	0x1686      	BSF        LCD_EN, BitPos(LCD_EN+0)
;__Lib_Lcd.c,29 :: 		
0x0036	0x2003      	CALL       _Delay_1us
;__Lib_Lcd.c,30 :: 		
0x0037	0x1286      	BCF        LCD_EN, BitPos(LCD_EN+0)
;__Lib_Lcd.c,33 :: 		
0x0038	0x19D9      	BTFSC      FARG_Lcd_Cmd_out_char, 3
0x0039	0x283C      	GOTO       L__Lcd_Cmd31
0x003A	0x1186      	BCF        LCD_D7, BitPos(LCD_D7+0)
0x003B	0x283D      	GOTO       L__Lcd_Cmd32
L__Lcd_Cmd31:
0x003C	0x1586      	BSF        LCD_D7, BitPos(LCD_D7+0)
L__Lcd_Cmd32:
;__Lib_Lcd.c,34 :: 		
0x003D	0x1959      	BTFSC      FARG_Lcd_Cmd_out_char, 2
0x003E	0x2841      	GOTO       L__Lcd_Cmd33
0x003F	0x1106      	BCF        LCD_D6, BitPos(LCD_D6+0)
0x0040	0x2842      	GOTO       L__Lcd_Cmd34
L__Lcd_Cmd33:
0x0041	0x1506      	BSF        LCD_D6, BitPos(LCD_D6+0)
L__Lcd_Cmd34:
;__Lib_Lcd.c,35 :: 		
0x0042	0x18D9      	BTFSC      FARG_Lcd_Cmd_out_char, 1
0x0043	0x2846      	GOTO       L__Lcd_Cmd35
0x0044	0x1086      	BCF        LCD_D5, BitPos(LCD_D5+0)
0x0045	0x2847      	GOTO       L__Lcd_Cmd36
L__Lcd_Cmd35:
0x0046	0x1486      	BSF        LCD_D5, BitPos(LCD_D5+0)
L__Lcd_Cmd36:
;__Lib_Lcd.c,36 :: 		
0x0047	0x1859      	BTFSC      FARG_Lcd_Cmd_out_char, 0
0x0048	0x284B      	GOTO       L__Lcd_Cmd37
0x0049	0x1006      	BCF        LCD_D4, BitPos(LCD_D4+0)
0x004A	0x284C      	GOTO       L__Lcd_Cmd38
L__Lcd_Cmd37:
0x004B	0x1406      	BSF        LCD_D4, BitPos(LCD_D4+0)
L__Lcd_Cmd38:
;__Lib_Lcd.c,38 :: 		
0x004C	0x184B      	BTFSC      __Lib_Lcd_cmd_status, BitPos(__Lib_Lcd_cmd_status+0)
0x004D	0x2850      	GOTO       L__Lcd_Cmd39
0x004E	0x1606      	BSF        LCD_RS, BitPos(LCD_RS+0)
0x004F	0x2851      	GOTO       L__Lcd_Cmd40
L__Lcd_Cmd39:
0x0050	0x1206      	BCF        LCD_RS, BitPos(LCD_RS+0)
L__Lcd_Cmd40:
;__Lib_Lcd.c,40 :: 		
0x0051	0x1686      	BSF        LCD_EN, BitPos(LCD_EN+0)
;__Lib_Lcd.c,41 :: 		
0x0052	0x2003      	CALL       _Delay_1us
;__Lib_Lcd.c,42 :: 		
0x0053	0x1286      	BCF        LCD_EN, BitPos(LCD_EN+0)
;__Lib_Lcd.c,44 :: 		
0x0054	0x1C4B      	BTFSS      __Lib_Lcd_cmd_status, BitPos(__Lib_Lcd_cmd_status+0)
0x0055	0x2858      	GOTO       L_Lcd_Cmd0
;__Lib_Lcd.c,45 :: 		
0x0056	0x200D      	CALL       _Delay_5500us
0x0057	0x2859      	GOTO       L_Lcd_Cmd1
L_Lcd_Cmd0:
;__Lib_Lcd.c,47 :: 		
0x0058	0x2006      	CALL       _Delay_50us
L_Lcd_Cmd1:
;__Lib_Lcd.c,48 :: 		
L_end_Lcd_Cmd:
0x0059	0x0008      	RETURN
; end of _Lcd_Cmd
_Lcd_Chr_CP:
;__Lib_Lcd.c,50 :: 		
;__Lib_Lcd.c,52 :: 		
0x005A	0x1283      	BCF        STATUS, 5
0x005B	0x1303      	BCF        STATUS, 6
0x005C	0x104B      	BCF        __Lib_Lcd_cmd_status, BitPos(__Lib_Lcd_cmd_status+0)
;__Lib_Lcd.c,53 :: 		
0x005D	0x0858      	MOVF       FARG_Lcd_Chr_CP_out_char, 0
0x005E	0x00D9      	MOVWF      FARG_Lcd_Cmd_out_char
0x005F	0x201A      	CALL       _Lcd_Cmd
;__Lib_Lcd.c,54 :: 		
0x0060	0x144B      	BSF        __Lib_Lcd_cmd_status, BitPos(__Lib_Lcd_cmd_status+0)
;__Lib_Lcd.c,55 :: 		
L_end_Lcd_Chr_CP:
0x0061	0x0008      	RETURN
; end of _Lcd_Chr_CP
_Keypad_Key_Press:
;__Lib_Keypad4x4.c,38 :: 		
;__Lib_Keypad4x4.c,42 :: 		
0x0062	0x1283      	BCF        STATUS, 5
0x0063	0x1303      	BCF        STATUS, 6
0x0064	0x01D3      	CLRF       Keypad_Key_Press_rslt_L0
;__Lib_Keypad4x4.c,43 :: 		
0x0065	0x01D5      	CLRF       Keypad_Key_Press_loc_L0
;__Lib_Keypad4x4.c,44 :: 		
0x0066	0x01D6      	CLRF       Keypad_Key_Press_rowcnt_L0
;__Lib_Keypad4x4.c,45 :: 		
0x0067	0x3010      	MOVLW      16
0x0068	0x00D7      	MOVWF      Keypad_Key_Press_shifter_L0
;__Lib_Keypad4x4.c,47 :: 		
L_Keypad_Key_Press0:
0x0069	0x3004      	MOVLW      4
0x006A	0x0256      	SUBWF      Keypad_Key_Press_rowcnt_L0, 0
0x006B	0x1803      	BTFSC      STATUS, 0
0x006C	0x288E      	GOTO       L_Keypad_Key_Press1
;__Lib_Keypad4x4.c,49 :: 		
0x006D	0x30F0      	MOVLW      240
0x006E	0x0088      	MOVWF      keypadPort
;__Lib_Keypad4x4.c,50 :: 		
0x006F	0x0957      	COMF       Keypad_Key_Press_shifter_L0, 0
0x0070	0x1683      	BSF        STATUS, 5
0x0071	0x0088      	MOVWF      keypadPort+128
;__Lib_Keypad4x4.c,54 :: 		
0x0072	0x2003      	CALL       _Delay_1us
;__Lib_Keypad4x4.c,55 :: 		
0x0073	0x2003      	CALL       _Delay_1us
;__Lib_Keypad4x4.c,56 :: 		
0x0074	0x300F      	MOVLW      15
0x0075	0x1283      	BCF        STATUS, 5
0x0076	0x0508      	ANDWF      keypadPort, 0
0x0077	0x00F0      	MOVWF      R0
0x0078	0x0870      	MOVF       R0, 0
0x0079	0x00D4      	MOVWF      Keypad_Key_Press_kdata_L0
;__Lib_Keypad4x4.c,57 :: 		
0x007A	0x0870      	MOVF       R0, 0
0x007B	0x1903      	BTFSC      STATUS, 2
0x007C	0x2888      	GOTO       L_Keypad_Key_Press2
;__Lib_Keypad4x4.c,59 :: 		
0x007D	0x0855      	MOVF       Keypad_Key_Press_loc_L0, 0
0x007E	0x00D3      	MOVWF      Keypad_Key_Press_rslt_L0
;__Lib_Keypad4x4.c,60 :: 		
L_Keypad_Key_Press3:
0x007F	0x0854      	MOVF       Keypad_Key_Press_kdata_L0, 0
0x0080	0x1903      	BTFSC      STATUS, 2
0x0081	0x2886      	GOTO       L_Keypad_Key_Press4
;__Lib_Keypad4x4.c,61 :: 		
0x0082	0x0CD4      	RRF        Keypad_Key_Press_kdata_L0, 1
0x0083	0x13D4      	BCF        Keypad_Key_Press_kdata_L0, 7
;__Lib_Keypad4x4.c,62 :: 		
0x0084	0x0AD3      	INCF       Keypad_Key_Press_rslt_L0, 1
;__Lib_Keypad4x4.c,63 :: 		
0x0085	0x287F      	GOTO       L_Keypad_Key_Press3
L_Keypad_Key_Press4:
;__Lib_Keypad4x4.c,65 :: 		
0x0086	0x3004      	MOVLW      4
0x0087	0x00D6      	MOVWF      Keypad_Key_Press_rowcnt_L0
;__Lib_Keypad4x4.c,66 :: 		
L_Keypad_Key_Press2:
;__Lib_Keypad4x4.c,67 :: 		
0x0088	0x0DD7      	RLF        Keypad_Key_Press_shifter_L0, 1
0x0089	0x1057      	BCF        Keypad_Key_Press_shifter_L0, 0
;__Lib_Keypad4x4.c,68 :: 		
0x008A	0x3004      	MOVLW      4
0x008B	0x07D5      	ADDWF      Keypad_Key_Press_loc_L0, 1
;__Lib_Keypad4x4.c,69 :: 		
0x008C	0x0AD6      	INCF       Keypad_Key_Press_rowcnt_L0, 1
;__Lib_Keypad4x4.c,70 :: 		
0x008D	0x2869      	GOTO       L_Keypad_Key_Press0
L_Keypad_Key_Press1:
;__Lib_Keypad4x4.c,72 :: 		
0x008E	0x0853      	MOVF       Keypad_Key_Press_rslt_L0, 0
0x008F	0x00F0      	MOVWF      R0
;__Lib_Keypad4x4.c,73 :: 		
L_end_Keypad_Key_Press:
0x0090	0x0008      	RETURN
; end of _Keypad_Key_Press
_____DoICP:
;__Lib_System.c,6 :: 		
;__Lib_System.c,9 :: 		
0x0091	0x1283      	BCF        STATUS, 5
0x0092	0x1303      	BCF        STATUS, 6
0x0093	0x0847      	MOVF       ___DoICPAddr+1, 0
0x0094	0x008A      	MOVWF      PCLATH
;__Lib_System.c,10 :: 		
0x0095	0x0846      	MOVF       ___DoICPAddr, 0
0x0096	0x0082      	MOVWF      PCL
;__Lib_System.c,12 :: 		
L_end_____DoICP:
0x0097	0x0008      	RETURN
; end of _____DoICP
_Div_16X16_U:
;__Lib_Math.c,215 :: 		
;__Lib_Math.c,222 :: 		
0x0098	0x1283      	BCF        STATUS, 5
;__Lib_Math.c,223 :: 		
0x0099	0x1303      	BCF        STATUS, 6
;__Lib_Math.c,224 :: 		
0x009A	0x01F8      	CLRF       R8
;__Lib_Math.c,225 :: 		
0x009B	0x01F9      	CLRF       R9
;__Lib_Math.c,226 :: 		
0x009C	0x3010      	MOVLW      16
;__Lib_Math.c,227 :: 		
0x009D	0x00FC      	MOVWF      R12
;__Lib_Math.c,228 :: 		
0x009E	0x0D71      	RLF        R1, 0
;__Lib_Math.c,229 :: 		
0x009F	0x0DF8      	RLF        R8, 1
;__Lib_Math.c,230 :: 		
0x00A0	0x0DF9      	RLF        R9, 1
;__Lib_Math.c,231 :: 		
0x00A1	0x0874      	MOVF       R4, 0
;__Lib_Math.c,232 :: 		
0x00A2	0x02F8      	SUBWF      R8, 1
;__Lib_Math.c,233 :: 		
0x00A3	0x0875      	MOVF       R5, 0
;__Lib_Math.c,234 :: 		
0x00A4	0x1C03      	BTFSS      STATUS, 0
;__Lib_Math.c,235 :: 		
0x00A5	0x0F75      	INCFSZ     R5, 0
;__Lib_Math.c,236 :: 		
0x00A6	0x02F9      	SUBWF      R9, 1
;__Lib_Math.c,237 :: 		
0x00A7	0x1803      	BTFSC      STATUS, 0
;__Lib_Math.c,238 :: 		
0x00A8	0x28B0      	GOTO       $+8
;__Lib_Math.c,239 :: 		
0x00A9	0x0874      	MOVF       R4, 0
;__Lib_Math.c,240 :: 		
0x00AA	0x07F8      	ADDWF      R8, 1
;__Lib_Math.c,241 :: 		
0x00AB	0x0875      	MOVF       R5, 0
;__Lib_Math.c,242 :: 		
0x00AC	0x1803      	BTFSC      STATUS, 0
;__Lib_Math.c,243 :: 		
0x00AD	0x0F75      	INCFSZ     R5, 0
;__Lib_Math.c,244 :: 		
0x00AE	0x07F9      	ADDWF      R9, 1
;__Lib_Math.c,245 :: 		
0x00AF	0x1003      	BCF        STATUS, 0
;__Lib_Math.c,246 :: 		
0x00B0	0x0DF0      	RLF        R0, 1
;__Lib_Math.c,247 :: 		
0x00B1	0x0DF1      	RLF        R1, 1
;__Lib_Math.c,248 :: 		
0x00B2	0x0BFC      	DECFSZ     R12, 1
;__Lib_Math.c,249 :: 		
0x00B3	0x289E      	GOTO       $-21
;__Lib_Math.c,251 :: 		
L_end_Div_16X16_U:
0x00B4	0x0008      	RETURN
; end of _Div_16X16_U
_Lcd_Out:
;__Lib_Lcd.c,184 :: 		
;__Lib_Lcd.c,187 :: 		
0x00B5	0x28C7      	GOTO       L_Lcd_Out11
;__Lib_Lcd.c,188 :: 		
L_Lcd_Out13:
0x00B6	0x3080      	MOVLW      128
0x00B7	0x1283      	BCF        STATUS, 5
0x00B8	0x1303      	BCF        STATUS, 6
0x00B9	0x00D3      	MOVWF      FARG_Lcd_Out_row
0x00BA	0x28DA      	GOTO       L_Lcd_Out12
;__Lib_Lcd.c,189 :: 		
L_Lcd_Out14:
0x00BB	0x30C0      	MOVLW      192
0x00BC	0x00D3      	MOVWF      FARG_Lcd_Out_row
0x00BD	0x28DA      	GOTO       L_Lcd_Out12
;__Lib_Lcd.c,190 :: 		
L_Lcd_Out15:
0x00BE	0x3094      	MOVLW      148
0x00BF	0x00D3      	MOVWF      FARG_Lcd_Out_row
0x00C0	0x28DA      	GOTO       L_Lcd_Out12
;__Lib_Lcd.c,191 :: 		
L_Lcd_Out16:
0x00C1	0x30D4      	MOVLW      212
0x00C2	0x00D3      	MOVWF      FARG_Lcd_Out_row
0x00C3	0x28DA      	GOTO       L_Lcd_Out12
;__Lib_Lcd.c,192 :: 		
L_Lcd_Out17:
0x00C4	0x3080      	MOVLW      128
0x00C5	0x00D3      	MOVWF      FARG_Lcd_Out_row
;__Lib_Lcd.c,193 :: 		
0x00C6	0x28DA      	GOTO       L_Lcd_Out12
L_Lcd_Out11:
0x00C7	0x1283      	BCF        STATUS, 5
0x00C8	0x1303      	BCF        STATUS, 6
0x00C9	0x0853      	MOVF       FARG_Lcd_Out_row, 0
0x00CA	0x3A01      	XORLW      1
0x00CB	0x1903      	BTFSC      STATUS, 2
0x00CC	0x28B6      	GOTO       L_Lcd_Out13
0x00CD	0x0853      	MOVF       FARG_Lcd_Out_row, 0
0x00CE	0x3A02      	XORLW      2
0x00CF	0x1903      	BTFSC      STATUS, 2
0x00D0	0x28BB      	GOTO       L_Lcd_Out14
0x00D1	0x0853      	MOVF       FARG_Lcd_Out_row, 0
0x00D2	0x3A03      	XORLW      3
0x00D3	0x1903      	BTFSC      STATUS, 2
0x00D4	0x28BE      	GOTO       L_Lcd_Out15
0x00D5	0x0853      	MOVF       FARG_Lcd_Out_row, 0
0x00D6	0x3A04      	XORLW      4
0x00D7	0x1903      	BTFSC      STATUS, 2
0x00D8	0x28C1      	GOTO       L_Lcd_Out16
0x00D9	0x28C4      	GOTO       L_Lcd_Out17
L_Lcd_Out12:
;__Lib_Lcd.c,194 :: 		
0x00DA	0x0354      	DECF       FARG_Lcd_Out_column, 0
0x00DB	0x00F0      	MOVWF      R0
0x00DC	0x0853      	MOVF       FARG_Lcd_Out_row, 0
0x00DD	0x07F0      	ADDWF      R0, 1
0x00DE	0x0870      	MOVF       R0, 0
0x00DF	0x00D3      	MOVWF      FARG_Lcd_Out_row
;__Lib_Lcd.c,196 :: 		
0x00E0	0x0870      	MOVF       R0, 0
0x00E1	0x00D9      	MOVWF      FARG_Lcd_Cmd_out_char
0x00E2	0x201A      	CALL       _Lcd_Cmd
;__Lib_Lcd.c,197 :: 		
0x00E3	0x104B      	BCF        __Lib_Lcd_cmd_status, BitPos(__Lib_Lcd_cmd_status+0)
;__Lib_Lcd.c,198 :: 		
0x00E4	0x01D6      	CLRF       Lcd_Out_i_L0
;__Lib_Lcd.c,199 :: 		
L_Lcd_Out18:
0x00E5	0x0856      	MOVF       Lcd_Out_i_L0, 0
0x00E6	0x0755      	ADDWF      FARG_Lcd_Out_text, 0
0x00E7	0x0084      	MOVWF      FSR
0x00E8	0x0800      	MOVF       INDF, 0
0x00E9	0x1903      	BTFSC      STATUS, 2
0x00EA	0x28F3      	GOTO       L_Lcd_Out19
;__Lib_Lcd.c,200 :: 		
0x00EB	0x0856      	MOVF       Lcd_Out_i_L0, 0
0x00EC	0x0755      	ADDWF      FARG_Lcd_Out_text, 0
0x00ED	0x0084      	MOVWF      FSR
0x00EE	0x0800      	MOVF       INDF, 0
0x00EF	0x00D8      	MOVWF      FARG_Lcd_Chr_CP_out_char
0x00F0	0x205A      	CALL       _Lcd_Chr_CP
0x00F1	0x0AD6      	INCF       Lcd_Out_i_L0, 1
0x00F2	0x28E5      	GOTO       L_Lcd_Out18
L_Lcd_Out19:
;__Lib_Lcd.c,201 :: 		
0x00F3	0x144B      	BSF        __Lib_Lcd_cmd_status, BitPos(__Lib_Lcd_cmd_status+0)
;__Lib_Lcd.c,202 :: 		
L_end_Lcd_Out:
0x00F4	0x0008      	RETURN
; end of _Lcd_Out
_Lcd_Chr:
;__Lib_Lcd.c,65 :: 		
;__Lib_Lcd.c,66 :: 		
0x00F5	0x2907      	GOTO       L_Lcd_Chr4
;__Lib_Lcd.c,67 :: 		
L_Lcd_Chr6:
0x00F6	0x3080      	MOVLW      128
0x00F7	0x1283      	BCF        STATUS, 5
0x00F8	0x1303      	BCF        STATUS, 6
0x00F9	0x00D3      	MOVWF      FARG_Lcd_Chr_row
0x00FA	0x291A      	GOTO       L_Lcd_Chr5
;__Lib_Lcd.c,68 :: 		
L_Lcd_Chr7:
0x00FB	0x30C0      	MOVLW      192
0x00FC	0x00D3      	MOVWF      FARG_Lcd_Chr_row
0x00FD	0x291A      	GOTO       L_Lcd_Chr5
;__Lib_Lcd.c,69 :: 		
L_Lcd_Chr8:
0x00FE	0x3094      	MOVLW      148
0x00FF	0x00D3      	MOVWF      FARG_Lcd_Chr_row
0x0100	0x291A      	GOTO       L_Lcd_Chr5
;__Lib_Lcd.c,70 :: 		
L_Lcd_Chr9:
0x0101	0x30D4      	MOVLW      212
0x0102	0x00D3      	MOVWF      FARG_Lcd_Chr_row
0x0103	0x291A      	GOTO       L_Lcd_Chr5
;__Lib_Lcd.c,71 :: 		
L_Lcd_Chr10:
0x0104	0x3080      	MOVLW      128
0x0105	0x00D3      	MOVWF      FARG_Lcd_Chr_row
;__Lib_Lcd.c,72 :: 		
0x0106	0x291A      	GOTO       L_Lcd_Chr5
L_Lcd_Chr4:
0x0107	0x1283      	BCF        STATUS, 5
0x0108	0x1303      	BCF        STATUS, 6
0x0109	0x0853      	MOVF       FARG_Lcd_Chr_row, 0
0x010A	0x3A01      	XORLW      1
0x010B	0x1903      	BTFSC      STATUS, 2
0x010C	0x28F6      	GOTO       L_Lcd_Chr6
0x010D	0x0853      	MOVF       FARG_Lcd_Chr_row, 0
0x010E	0x3A02      	XORLW      2
0x010F	0x1903      	BTFSC      STATUS, 2
0x0110	0x28FB      	GOTO       L_Lcd_Chr7
0x0111	0x0853      	MOVF       FARG_Lcd_Chr_row, 0
0x0112	0x3A03      	XORLW      3
0x0113	0x1903      	BTFSC      STATUS, 2
0x0114	0x28FE      	GOTO       L_Lcd_Chr8
0x0115	0x0853      	MOVF       FARG_Lcd_Chr_row, 0
0x0116	0x3A04      	XORLW      4
0x0117	0x1903      	BTFSC      STATUS, 2
0x0118	0x2901      	GOTO       L_Lcd_Chr9
0x0119	0x2904      	GOTO       L_Lcd_Chr10
L_Lcd_Chr5:
;__Lib_Lcd.c,74 :: 		
0x011A	0x0354      	DECF       FARG_Lcd_Chr_column, 0
0x011B	0x00F0      	MOVWF      R0
0x011C	0x0853      	MOVF       FARG_Lcd_Chr_row, 0
0x011D	0x07F0      	ADDWF      R0, 1
0x011E	0x0870      	MOVF       R0, 0
0x011F	0x00D3      	MOVWF      FARG_Lcd_Chr_row
;__Lib_Lcd.c,76 :: 		
0x0120	0x144B      	BSF        __Lib_Lcd_cmd_status, BitPos(__Lib_Lcd_cmd_status+0)
;__Lib_Lcd.c,77 :: 		
0x0121	0x0870      	MOVF       R0, 0
0x0122	0x00D9      	MOVWF      FARG_Lcd_Cmd_out_char
0x0123	0x201A      	CALL       _Lcd_Cmd
;__Lib_Lcd.c,79 :: 		
0x0124	0x104B      	BCF        __Lib_Lcd_cmd_status, BitPos(__Lib_Lcd_cmd_status+0)
;__Lib_Lcd.c,80 :: 		
0x0125	0x0855      	MOVF       FARG_Lcd_Chr_out_char, 0
0x0126	0x00D9      	MOVWF      FARG_Lcd_Cmd_out_char
0x0127	0x201A      	CALL       _Lcd_Cmd
;__Lib_Lcd.c,81 :: 		
0x0128	0x144B      	BSF        __Lib_Lcd_cmd_status, BitPos(__Lib_Lcd_cmd_status+0)
;__Lib_Lcd.c,82 :: 		
L_end_Lcd_Chr:
0x0129	0x0008      	RETURN
; end of _Lcd_Chr
_Delay_10us:
;__Lib_Delays.c,11 :: 		void Delay_10us() {
;__Lib_Delays.c,12 :: 		Delay_us(10);
0x012A	0x3006      	MOVLW      6
0x012B	0x1283      	BCF        STATUS, 5
0x012C	0x1303      	BCF        STATUS, 6
0x012D	0x00FD      	MOVWF      R13
L_Delay_10us0:
0x012E	0x0BFD      	DECFSZ     R13, 1
0x012F	0x292E      	GOTO       L_Delay_10us0
0x0130	0x0000      	NOP
;__Lib_Delays.c,13 :: 		}
L_end_Delay_10us:
0x0131	0x0008      	RETURN
; end of _Delay_10us
_LCD_inputs_reset:
;HW2.c,121 :: 		void LCD_inputs_reset(){
;HW2.c,122 :: 		Lcd_Out(1,4,"     ");
0x0132	0x3001      	MOVLW      1
0x0133	0x1283      	BCF        STATUS, 5
0x0134	0x1303      	BCF        STATUS, 6
0x0135	0x00D3      	MOVWF      FARG_Lcd_Out_row
0x0136	0x3004      	MOVLW      4
0x0137	0x00D4      	MOVWF      FARG_Lcd_Out_column
0x0138	0x3028      	MOVLW      ?lstr4_HW2
0x0139	0x00D5      	MOVWF      FARG_Lcd_Out_text
0x013A	0x20B5      	CALL       _Lcd_Out
;HW2.c,123 :: 		Lcd_Out(2,4,"     ");
0x013B	0x3002      	MOVLW      2
0x013C	0x00D3      	MOVWF      FARG_Lcd_Out_row
0x013D	0x3004      	MOVLW      4
0x013E	0x00D4      	MOVWF      FARG_Lcd_Out_column
0x013F	0x302E      	MOVLW      ?lstr5_HW2
0x0140	0x00D5      	MOVWF      FARG_Lcd_Out_text
0x0141	0x20B5      	CALL       _Lcd_Out
;HW2.c,124 :: 		}
L_end_LCD_inputs_reset:
0x0142	0x0008      	RETURN
; end of _LCD_inputs_reset
_Lcd_Out_CP:
;__Lib_Lcd.c,57 :: 		
;__Lib_Lcd.c,58 :: 		
0x0143	0x1283      	BCF        STATUS, 5
0x0144	0x1303      	BCF        STATUS, 6
0x0145	0x01CF      	CLRF       Lcd_Out_CP_i_L0
;__Lib_Lcd.c,60 :: 		
L_Lcd_Out_CP2:
0x0146	0x084F      	MOVF       Lcd_Out_CP_i_L0, 0
0x0147	0x074E      	ADDWF      FARG_Lcd_Out_CP_text, 0
0x0148	0x0084      	MOVWF      FSR
0x0149	0x0800      	MOVF       INDF, 0
0x014A	0x1903      	BTFSC      STATUS, 2
0x014B	0x2954      	GOTO       L_Lcd_Out_CP3
;__Lib_Lcd.c,61 :: 		
0x014C	0x084F      	MOVF       Lcd_Out_CP_i_L0, 0
0x014D	0x074E      	ADDWF      FARG_Lcd_Out_CP_text, 0
0x014E	0x0084      	MOVWF      FSR
0x014F	0x0800      	MOVF       INDF, 0
0x0150	0x00D8      	MOVWF      FARG_Lcd_Chr_CP_out_char
0x0151	0x205A      	CALL       _Lcd_Chr_CP
0x0152	0x0ACF      	INCF       Lcd_Out_CP_i_L0, 1
;__Lib_Lcd.c,62 :: 		
0x0153	0x2946      	GOTO       L_Lcd_Out_CP2
L_Lcd_Out_CP3:
;__Lib_Lcd.c,63 :: 		
L_end_Lcd_Out_CP:
0x0154	0x0008      	RETURN
; end of _Lcd_Out_CP
_LCD_move_cursor:
;HW2.c,113 :: 		void LCD_move_cursor(){
;HW2.c,114 :: 		switch (stage) {
0x0155	0x2970      	GOTO       L_LCD_move_cursor32
;HW2.c,115 :: 		case 1: Lcd_Chr(1,4,32); break;
L_LCD_move_cursor34:
0x0156	0x3001      	MOVLW      1
0x0157	0x1283      	BCF        STATUS, 5
0x0158	0x1303      	BCF        STATUS, 6
0x0159	0x00D3      	MOVWF      FARG_Lcd_Chr_row
0x015A	0x3004      	MOVLW      4
0x015B	0x00D4      	MOVWF      FARG_Lcd_Chr_column
0x015C	0x3020      	MOVLW      32
0x015D	0x00D5      	MOVWF      FARG_Lcd_Chr_out_char
0x015E	0x20F5      	CALL       _Lcd_Chr
0x015F	0x297E      	GOTO       L_LCD_move_cursor33
;HW2.c,116 :: 		case 2: Lcd_Chr(2,4,32); break;
L_LCD_move_cursor35:
0x0160	0x3002      	MOVLW      2
0x0161	0x00D3      	MOVWF      FARG_Lcd_Chr_row
0x0162	0x3004      	MOVLW      4
0x0163	0x00D4      	MOVWF      FARG_Lcd_Chr_column
0x0164	0x3020      	MOVLW      32
0x0165	0x00D5      	MOVWF      FARG_Lcd_Chr_out_char
0x0166	0x20F5      	CALL       _Lcd_Chr
0x0167	0x297E      	GOTO       L_LCD_move_cursor33
;HW2.c,117 :: 		case 3: Lcd_Chr(3,6,32); break;
L_LCD_move_cursor36:
0x0168	0x3003      	MOVLW      3
0x0169	0x00D3      	MOVWF      FARG_Lcd_Chr_row
0x016A	0x3006      	MOVLW      6
0x016B	0x00D4      	MOVWF      FARG_Lcd_Chr_column
0x016C	0x3020      	MOVLW      32
0x016D	0x00D5      	MOVWF      FARG_Lcd_Chr_out_char
0x016E	0x20F5      	CALL       _Lcd_Chr
0x016F	0x297E      	GOTO       L_LCD_move_cursor33
;HW2.c,118 :: 		}
L_LCD_move_cursor32:
0x0170	0x1283      	BCF        STATUS, 5
0x0171	0x1303      	BCF        STATUS, 6
0x0172	0x0820      	MOVF       _stage, 0
0x0173	0x3A01      	XORLW      1
0x0174	0x1903      	BTFSC      STATUS, 2
0x0175	0x2956      	GOTO       L_LCD_move_cursor34
0x0176	0x0820      	MOVF       _stage, 0
0x0177	0x3A02      	XORLW      2
0x0178	0x1903      	BTFSC      STATUS, 2
0x0179	0x2960      	GOTO       L_LCD_move_cursor35
0x017A	0x0820      	MOVF       _stage, 0
0x017B	0x3A03      	XORLW      3
0x017C	0x1903      	BTFSC      STATUS, 2
0x017D	0x2968      	GOTO       L_LCD_move_cursor36
L_LCD_move_cursor33:
;HW2.c,119 :: 		}
L_end_LCD_move_cursor:
0x017E	0x0008      	RETURN
; end of _LCD_move_cursor
_LCD_sum_reset:
;HW2.c,126 :: 		void LCD_sum_reset(){
;HW2.c,127 :: 		Lcd_Out(3,6,"     ");
0x017F	0x3003      	MOVLW      3
0x0180	0x1283      	BCF        STATUS, 5
0x0181	0x1303      	BCF        STATUS, 6
0x0182	0x00D3      	MOVWF      FARG_Lcd_Out_row
0x0183	0x3006      	MOVLW      6
0x0184	0x00D4      	MOVWF      FARG_Lcd_Out_column
0x0185	0x3021      	MOVLW      ?lstr6_HW2
0x0186	0x00D5      	MOVWF      FARG_Lcd_Out_text
0x0187	0x20B5      	CALL       _Lcd_Out
;HW2.c,128 :: 		}
L_end_LCD_sum_reset:
0x0188	0x0008      	RETURN
; end of _LCD_sum_reset
_Mul_8X8_U:
;__Lib_Math.c,103 :: 		
;__Lib_Math.c,108 :: 		
0x0189	0x1283      	BCF        STATUS, 5
;__Lib_Math.c,109 :: 		
0x018A	0x1303      	BCF        STATUS, 6
;__Lib_Math.c,110 :: 		
0x018B	0x0870      	MOVF       R0, 0
;__Lib_Math.c,111 :: 		
0x018C	0x00F1      	MOVWF      R1
;__Lib_Math.c,112 :: 		
0x018D	0x01F0      	CLRF       R0
;__Lib_Math.c,113 :: 		
0x018E	0x3008      	MOVLW      8
;__Lib_Math.c,114 :: 		
0x018F	0x00FC      	MOVWF      R12
;__Lib_Math.c,115 :: 		
0x0190	0x0871      	MOVF       R1, 0
;__Lib_Math.c,116 :: 		
0x0191	0x0CF4      	RRF        R4, 1
;__Lib_Math.c,117 :: 		
0x0192	0x1803      	BTFSC      STATUS, 0
;__Lib_Math.c,118 :: 		
0x0193	0x2998      	GOTO       $+5
;__Lib_Math.c,119 :: 		
0x0194	0x0BFC      	DECFSZ     R12, 1
;__Lib_Math.c,120 :: 		
0x0195	0x2991      	GOTO       $-4
;__Lib_Math.c,121 :: 		
0x0196	0x01F1      	CLRF       R1
;__Lib_Math.c,122 :: 		
0x0197	0x3400      	RETLW      0
;__Lib_Math.c,123 :: 		
0x0198	0x1003      	BCF        STATUS, 0
;__Lib_Math.c,124 :: 		
0x0199	0x299D      	GOTO       $+4
;__Lib_Math.c,125 :: 		
0x019A	0x0CF4      	RRF        R4, 1
;__Lib_Math.c,126 :: 		
0x019B	0x1803      	BTFSC      STATUS, 0
;__Lib_Math.c,127 :: 		
0x019C	0x07F1      	ADDWF      R1, 1
;__Lib_Math.c,128 :: 		
0x019D	0x0CF1      	RRF        R1, 1
;__Lib_Math.c,129 :: 		
0x019E	0x0CF0      	RRF        R0, 1
;__Lib_Math.c,130 :: 		
0x019F	0x0BFC      	DECFSZ     R12, 1
;__Lib_Math.c,131 :: 		
0x01A0	0x299A      	GOTO       $-6
;__Lib_Math.c,133 :: 		
;__Lib_Math.c,134 :: 		
L_end_Mul_8X8_U:
0x01A1	0x0008      	RETURN
; end of _Mul_8X8_U
_Keypad_Init:
;__Lib_Keypad4x4.c,33 :: 		
;__Lib_Keypad4x4.c,34 :: 		
0x01A2	0x30FF      	MOVLW      255
0x01A3	0x1683      	BSF        STATUS, 5
0x01A4	0x1303      	BCF        STATUS, 6
0x01A5	0x0088      	MOVWF      keypadPort+128
;__Lib_Keypad4x4.c,35 :: 		
L_end_Keypad_Init:
0x01A6	0x0008      	RETURN
; end of _Keypad_Init
___CC2DW:
;__Lib_System.c,134 :: 		
;__Lib_System.c,137 :: 		
_CC2D_Loop1:
;__Lib_System.c,139 :: 		
0x01A7	0x2091      	CALL       _____DoICP
0x01A8	0x118A      	BCF        PCLATH, 3
0x01A9	0x120A      	BCF        PCLATH, 4
;__Lib_System.c,141 :: 		
0x01AA	0x0080      	MOVWF      INDF
;__Lib_System.c,142 :: 		
0x01AB	0x0A84      	INCF       FSR, 1
;__Lib_System.c,143 :: 		
0x01AC	0x0AC6      	INCF       ___DoICPAddr, 1
;__Lib_System.c,145 :: 		
0x01AD	0x1903      	BTFSC      STATUS, 2
;__Lib_System.c,146 :: 		
0x01AE	0x0AC7      	INCF       ___DoICPAddr+1, 1
;__Lib_System.c,147 :: 		
0x01AF	0x03F0      	DECF       R0, 1
;__Lib_System.c,149 :: 		
0x01B0	0x1D03      	BTFSS      STATUS, 2
;__Lib_System.c,150 :: 		
0x01B1	0x29A7      	GOTO       _CC2D_Loop1
;__Lib_System.c,152 :: 		
L_end___CC2DW:
0x01B2	0x0008      	RETURN
; end of ___CC2DW
_Keypad_Key_Click:
;__Lib_Keypad4x4.c,76 :: 		
;__Lib_Keypad4x4.c,80 :: 		
0x01B3	0x2062      	CALL       _Keypad_Key_Press
0x01B4	0x0870      	MOVF       R0, 0
0x01B5	0x00CE      	MOVWF      Keypad_Key_Click_rslt_L0
;__Lib_Keypad4x4.c,82 :: 		
L_Keypad_Key_Click5:
0x01B6	0x300F      	MOVLW      15
0x01B7	0x0508      	ANDWF      keypadPort, 0
0x01B8	0x00F0      	MOVWF      R0
0x01B9	0x1903      	BTFSC      STATUS, 2
0x01BA	0x29BD      	GOTO       L_Keypad_Key_Click6
;__Lib_Keypad4x4.c,83 :: 		
0x01BB	0x212A      	CALL       _Delay_10us
0x01BC	0x29B6      	GOTO       L_Keypad_Key_Click5
L_Keypad_Key_Click6:
;__Lib_Keypad4x4.c,85 :: 		
0x01BD	0x084E      	MOVF       Keypad_Key_Click_rslt_L0, 0
0x01BE	0x00F0      	MOVWF      R0
;__Lib_Keypad4x4.c,86 :: 		
L_end_Keypad_Key_Click:
0x01BF	0x0008      	RETURN
; end of _Keypad_Key_Click
_WordToStr:
;__Lib_Conversions.c,98 :: 		
;__Lib_Conversions.c,103 :: 		
0x01C0	0x1283      	BCF        STATUS, 5
0x01C1	0x1303      	BCF        STATUS, 6
0x01C2	0x01D1      	CLRF       WordToStr_len_L0
L_WordToStr11:
0x01C3	0x3005      	MOVLW      5
0x01C4	0x0251      	SUBWF      WordToStr_len_L0, 0
0x01C5	0x1803      	BTFSC      STATUS, 0
0x01C6	0x29CE      	GOTO       L_WordToStr12
;__Lib_Conversions.c,104 :: 		
0x01C7	0x0851      	MOVF       WordToStr_len_L0, 0
0x01C8	0x0750      	ADDWF      FARG_WordToStr_output, 0
0x01C9	0x0084      	MOVWF      FSR
0x01CA	0x3020      	MOVLW      32
0x01CB	0x0080      	MOVWF      INDF
;__Lib_Conversions.c,103 :: 		
0x01CC	0x0AD1      	INCF       WordToStr_len_L0, 1
;__Lib_Conversions.c,104 :: 		
0x01CD	0x29C3      	GOTO       L_WordToStr11
L_WordToStr12:
;__Lib_Conversions.c,105 :: 		
0x01CE	0x0851      	MOVF       WordToStr_len_L0, 0
0x01CF	0x0750      	ADDWF      FARG_WordToStr_output, 0
0x01D0	0x0084      	MOVWF      FSR
0x01D1	0x0180      	CLRF       INDF
0x01D2	0x03D1      	DECF       WordToStr_len_L0, 1
;__Lib_Conversions.c,107 :: 		
L_WordToStr14:
;__Lib_Conversions.c,108 :: 		
0x01D3	0x0851      	MOVF       WordToStr_len_L0, 0
0x01D4	0x0750      	ADDWF      FARG_WordToStr_output, 0
0x01D5	0x00D2      	MOVWF      FLOC__WordToStr
0x01D6	0x300A      	MOVLW      10
0x01D7	0x00F4      	MOVWF      R4
0x01D8	0x01F5      	CLRF       R4+1
0x01D9	0x084E      	MOVF       FARG_WordToStr_input, 0
0x01DA	0x00F0      	MOVWF      R0
0x01DB	0x084F      	MOVF       FARG_WordToStr_input+1, 0
0x01DC	0x00F1      	MOVWF      R0+1
0x01DD	0x2098      	CALL       _Div_16X16_U
0x01DE	0x0878      	MOVF       R8, 0
0x01DF	0x00F0      	MOVWF      R0
0x01E0	0x0879      	MOVF       R8+1, 0
0x01E1	0x00F1      	MOVWF      R0+1
0x01E2	0x3030      	MOVLW      48
0x01E3	0x07F0      	ADDWF      R0, 1
0x01E4	0x0852      	MOVF       FLOC__WordToStr, 0
0x01E5	0x0084      	MOVWF      FSR
0x01E6	0x0870      	MOVF       R0, 0
0x01E7	0x0080      	MOVWF      INDF
;__Lib_Conversions.c,109 :: 		
0x01E8	0x300A      	MOVLW      10
0x01E9	0x00F4      	MOVWF      R4
0x01EA	0x01F5      	CLRF       R4+1
0x01EB	0x084E      	MOVF       FARG_WordToStr_input, 0
0x01EC	0x00F0      	MOVWF      R0
0x01ED	0x084F      	MOVF       FARG_WordToStr_input+1, 0
0x01EE	0x00F1      	MOVWF      R0+1
0x01EF	0x2098      	CALL       _Div_16X16_U
0x01F0	0x0870      	MOVF       R0, 0
0x01F1	0x00CE      	MOVWF      FARG_WordToStr_input
0x01F2	0x0871      	MOVF       R0+1, 0
0x01F3	0x00CF      	MOVWF      FARG_WordToStr_input+1
;__Lib_Conversions.c,110 :: 		
0x01F4	0x3000      	MOVLW      0
0x01F5	0x0671      	XORWF      R0+1, 0
0x01F6	0x1D03      	BTFSS      STATUS, 2
0x01F7	0x29FA      	GOTO       L__WordToStr159
0x01F8	0x3000      	MOVLW      0
0x01F9	0x0670      	XORWF      R0, 0
L__WordToStr159:
0x01FA	0x1D03      	BTFSS      STATUS, 2
0x01FB	0x29FD      	GOTO       L_WordToStr16
;__Lib_Conversions.c,111 :: 		
0x01FC	0x29FF      	GOTO       L_WordToStr15
L_WordToStr16:
;__Lib_Conversions.c,112 :: 		
0x01FD	0x03D1      	DECF       WordToStr_len_L0, 1
;__Lib_Conversions.c,113 :: 		
0x01FE	0x29D3      	GOTO       L_WordToStr14
L_WordToStr15:
;__Lib_Conversions.c,114 :: 		
L_end_WordToStr:
0x01FF	0x0008      	RETURN
; end of _WordToStr
_Lcd_Init:
;__Lib_Lcd.c,84 :: 		
;__Lib_Lcd.c,86 :: 		
0x0200	0x1683      	BSF        STATUS, 5
0x0201	0x1303      	BCF        STATUS, 6
0x0202	0x1286      	BCF        LCD_EN_Direction, BitPos(LCD_EN_Direction+0)
;__Lib_Lcd.c,87 :: 		
0x0203	0x1206      	BCF        LCD_RS_Direction, BitPos(LCD_RS_Direction+0)
;__Lib_Lcd.c,88 :: 		
0x0204	0x1006      	BCF        LCD_D4_Direction, BitPos(LCD_D4_Direction+0)
;__Lib_Lcd.c,89 :: 		
0x0205	0x1086      	BCF        LCD_D5_Direction, BitPos(LCD_D5_Direction+0)
;__Lib_Lcd.c,90 :: 		
0x0206	0x1106      	BCF        LCD_D6_Direction, BitPos(LCD_D6_Direction+0)
;__Lib_Lcd.c,91 :: 		
0x0207	0x1186      	BCF        LCD_D7_Direction, BitPos(LCD_D7_Direction+0)
;__Lib_Lcd.c,93 :: 		
0x0208	0x1283      	BCF        STATUS, 5
0x0209	0x1286      	BCF        LCD_EN, BitPos(LCD_EN+0)
;__Lib_Lcd.c,94 :: 		
0x020A	0x1206      	BCF        LCD_RS, BitPos(LCD_RS+0)
;__Lib_Lcd.c,95 :: 		
0x020B	0x1186      	BCF        LCD_D7, BitPos(LCD_D7+0)
;__Lib_Lcd.c,96 :: 		
0x020C	0x1106      	BCF        LCD_D6, BitPos(LCD_D6+0)
;__Lib_Lcd.c,97 :: 		
0x020D	0x1086      	BCF        LCD_D5, BitPos(LCD_D5+0)
;__Lib_Lcd.c,98 :: 		
0x020E	0x1006      	BCF        LCD_D4, BitPos(LCD_D4+0)
;__Lib_Lcd.c,100 :: 		
0x020F	0x200D      	CALL       _Delay_5500us
;__Lib_Lcd.c,101 :: 		
0x0210	0x200D      	CALL       _Delay_5500us
;__Lib_Lcd.c,102 :: 		
0x0211	0x200D      	CALL       _Delay_5500us
;__Lib_Lcd.c,105 :: 		
0x0212	0x1486      	BSF        LCD_D5, BitPos(LCD_D5+0)
;__Lib_Lcd.c,106 :: 		
0x0213	0x1406      	BSF        LCD_D4, BitPos(LCD_D4+0)
;__Lib_Lcd.c,107 :: 		
0x0214	0x1686      	BSF        LCD_EN, BitPos(LCD_EN+0)
;__Lib_Lcd.c,108 :: 		
0x0215	0x2003      	CALL       _Delay_1us
;__Lib_Lcd.c,109 :: 		
0x0216	0x1286      	BCF        LCD_EN, BitPos(LCD_EN+0)
;__Lib_Lcd.c,110 :: 		
0x0217	0x200D      	CALL       _Delay_5500us
;__Lib_Lcd.c,112 :: 		
0x0218	0x1686      	BSF        LCD_EN, BitPos(LCD_EN+0)
;__Lib_Lcd.c,113 :: 		
0x0219	0x2003      	CALL       _Delay_1us
;__Lib_Lcd.c,114 :: 		
0x021A	0x1286      	BCF        LCD_EN, BitPos(LCD_EN+0)
;__Lib_Lcd.c,115 :: 		
0x021B	0x200D      	CALL       _Delay_5500us
;__Lib_Lcd.c,117 :: 		
0x021C	0x1686      	BSF        LCD_EN, BitPos(LCD_EN+0)
;__Lib_Lcd.c,118 :: 		
0x021D	0x2003      	CALL       _Delay_1us
;__Lib_Lcd.c,119 :: 		
0x021E	0x1286      	BCF        LCD_EN, BitPos(LCD_EN+0)
;__Lib_Lcd.c,120 :: 		
0x021F	0x200D      	CALL       _Delay_5500us
;__Lib_Lcd.c,123 :: 		
0x0220	0x1006      	BCF        LCD_D4, BitPos(LCD_D4+0)
;__Lib_Lcd.c,124 :: 		
0x0221	0x1686      	BSF        LCD_EN, BitPos(LCD_EN+0)
;__Lib_Lcd.c,125 :: 		
0x0222	0x2003      	CALL       _Delay_1us
;__Lib_Lcd.c,126 :: 		
0x0223	0x1286      	BCF        LCD_EN, BitPos(LCD_EN+0)
;__Lib_Lcd.c,127 :: 		
0x0224	0x200D      	CALL       _Delay_5500us
;__Lib_Lcd.c,130 :: 		
0x0225	0x1686      	BSF        LCD_EN, BitPos(LCD_EN+0)
;__Lib_Lcd.c,131 :: 		
0x0226	0x2003      	CALL       _Delay_1us
;__Lib_Lcd.c,132 :: 		
0x0227	0x1286      	BCF        LCD_EN, BitPos(LCD_EN+0)
;__Lib_Lcd.c,134 :: 		
0x0228	0x1086      	BCF        LCD_D5, BitPos(LCD_D5+0)
;__Lib_Lcd.c,135 :: 		
0x0229	0x1586      	BSF        LCD_D7, BitPos(LCD_D7+0)
;__Lib_Lcd.c,136 :: 		
0x022A	0x1686      	BSF        LCD_EN, BitPos(LCD_EN+0)
;__Lib_Lcd.c,137 :: 		
0x022B	0x2003      	CALL       _Delay_1us
;__Lib_Lcd.c,138 :: 		
0x022C	0x1286      	BCF        LCD_EN, BitPos(LCD_EN+0)
;__Lib_Lcd.c,139 :: 		
0x022D	0x200D      	CALL       _Delay_5500us
;__Lib_Lcd.c,142 :: 		
0x022E	0x1186      	BCF        LCD_D7, BitPos(LCD_D7+0)
;__Lib_Lcd.c,143 :: 		
0x022F	0x1406      	BSF        LCD_D4, BitPos(LCD_D4+0)
;__Lib_Lcd.c,144 :: 		
0x0230	0x1686      	BSF        LCD_EN, BitPos(LCD_EN+0)
;__Lib_Lcd.c,145 :: 		
0x0231	0x2003      	CALL       _Delay_1us
;__Lib_Lcd.c,146 :: 		
0x0232	0x1286      	BCF        LCD_EN, BitPos(LCD_EN+0)
;__Lib_Lcd.c,148 :: 		
0x0233	0x1006      	BCF        LCD_D4, BitPos(LCD_D4+0)
;__Lib_Lcd.c,149 :: 		
0x0234	0x1686      	BSF        LCD_EN, BitPos(LCD_EN+0)
;__Lib_Lcd.c,150 :: 		
0x0235	0x2003      	CALL       _Delay_1us
;__Lib_Lcd.c,151 :: 		
0x0236	0x1286      	BCF        LCD_EN, BitPos(LCD_EN+0)
;__Lib_Lcd.c,152 :: 		
0x0237	0x200D      	CALL       _Delay_5500us
;__Lib_Lcd.c,155 :: 		
0x0238	0x1686      	BSF        LCD_EN, BitPos(LCD_EN+0)
;__Lib_Lcd.c,156 :: 		
0x0239	0x2003      	CALL       _Delay_1us
;__Lib_Lcd.c,157 :: 		
0x023A	0x1286      	BCF        LCD_EN, BitPos(LCD_EN+0)
;__Lib_Lcd.c,159 :: 		
0x023B	0x1406      	BSF        LCD_D4, BitPos(LCD_D4+0)
;__Lib_Lcd.c,160 :: 		
0x023C	0x1686      	BSF        LCD_EN, BitPos(LCD_EN+0)
;__Lib_Lcd.c,161 :: 		
0x023D	0x2003      	CALL       _Delay_1us
;__Lib_Lcd.c,162 :: 		
0x023E	0x1286      	BCF        LCD_EN, BitPos(LCD_EN+0)
;__Lib_Lcd.c,163 :: 		
0x023F	0x200D      	CALL       _Delay_5500us
;__Lib_Lcd.c,166 :: 		
0x0240	0x1006      	BCF        LCD_D4, BitPos(LCD_D4+0)
;__Lib_Lcd.c,167 :: 		
0x0241	0x1686      	BSF        LCD_EN, BitPos(LCD_EN+0)
;__Lib_Lcd.c,168 :: 		
0x0242	0x2003      	CALL       _Delay_1us
;__Lib_Lcd.c,169 :: 		
0x0243	0x1286      	BCF        LCD_EN, BitPos(LCD_EN+0)
;__Lib_Lcd.c,171 :: 		
0x0244	0x1586      	BSF        LCD_D7, BitPos(LCD_D7+0)
;__Lib_Lcd.c,172 :: 		
0x0245	0x1506      	BSF        LCD_D6, BitPos(LCD_D6+0)
;__Lib_Lcd.c,173 :: 		
0x0246	0x1486      	BSF        LCD_D5, BitPos(LCD_D5+0)
;__Lib_Lcd.c,174 :: 		
0x0247	0x1406      	BSF        LCD_D4, BitPos(LCD_D4+0)
;__Lib_Lcd.c,175 :: 		
0x0248	0x1686      	BSF        LCD_EN, BitPos(LCD_EN+0)
;__Lib_Lcd.c,176 :: 		
0x0249	0x2003      	CALL       _Delay_1us
;__Lib_Lcd.c,177 :: 		
0x024A	0x1286      	BCF        LCD_EN, BitPos(LCD_EN+0)
;__Lib_Lcd.c,179 :: 		
0x024B	0x200D      	CALL       _Delay_5500us
;__Lib_Lcd.c,181 :: 		
0x024C	0x144B      	BSF        __Lib_Lcd_cmd_status, BitPos(__Lib_Lcd_cmd_status+0)
;__Lib_Lcd.c,182 :: 		
L_end_Lcd_Init:
0x024D	0x0008      	RETURN
; end of _Lcd_Init
_main:
0x024E	0x236C      	CALL       876
;HW2.c,41 :: 		void main() {
;HW2.c,42 :: 		Keypad_Init(); // keypad init
0x024F	0x21A2      	CALL       _Keypad_Init
;HW2.c,43 :: 		ANSEL  = 0; // make I/O digital
0x0250	0x1703      	BSF        STATUS, 6
0x0251	0x0188      	CLRF       ANSEL
;HW2.c,44 :: 		ANSELH = 0;
0x0252	0x0189      	CLRF       ANSELH
;HW2.c,47 :: 		Lcd_Init();
0x0253	0x2200      	CALL       _Lcd_Init
;HW2.c,48 :: 		Lcd_Cmd(_LCD_CLEAR);
0x0254	0x3001      	MOVLW      1
0x0255	0x00D9      	MOVWF      FARG_Lcd_Cmd_out_char
0x0256	0x201A      	CALL       _Lcd_Cmd
;HW2.c,49 :: 		Lcd_Out(2,1,"y = ");
0x0257	0x3002      	MOVLW      2
0x0258	0x00D3      	MOVWF      FARG_Lcd_Out_row
0x0259	0x3001      	MOVLW      1
0x025A	0x00D4      	MOVWF      FARG_Lcd_Out_column
0x025B	0x303C      	MOVLW      ?lstr1_HW2
0x025C	0x00D5      	MOVWF      FARG_Lcd_Out_text
0x025D	0x20B5      	CALL       _Lcd_Out
;HW2.c,50 :: 		Lcd_Out(3,1,"x+y = ");
0x025E	0x3003      	MOVLW      3
0x025F	0x00D3      	MOVWF      FARG_Lcd_Out_row
0x0260	0x3001      	MOVLW      1
0x0261	0x00D4      	MOVWF      FARG_Lcd_Out_column
0x0262	0x3035      	MOVLW      ?lstr2_HW2
0x0263	0x00D5      	MOVWF      FARG_Lcd_Out_text
0x0264	0x20B5      	CALL       _Lcd_Out
;HW2.c,51 :: 		Lcd_Out(1,1,"x = ");
0x0265	0x3001      	MOVLW      1
0x0266	0x00D3      	MOVWF      FARG_Lcd_Out_row
0x0267	0x3001      	MOVLW      1
0x0268	0x00D4      	MOVWF      FARG_Lcd_Out_column
0x0269	0x3041      	MOVLW      ?lstr3_HW2
0x026A	0x00D5      	MOVWF      FARG_Lcd_Out_text
0x026B	0x20B5      	CALL       _Lcd_Out
;HW2.c,53 :: 		while (1) {
L_main0:
;HW2.c,54 :: 		kp = 0; // reset key press variable
0x026C	0x01CD      	CLRF       _kp
;HW2.c,57 :: 		while (!kp) {
L_main2:
0x026D	0x084D      	MOVF       _kp, 0
0x026E	0x1D03      	BTFSS      STATUS, 2
0x026F	0x2A74      	GOTO       L_main3
;HW2.c,58 :: 		kp = Keypad_Key_Click();
0x0270	0x21B3      	CALL       _Keypad_Key_Click
0x0271	0x0870      	MOVF       R0, 0
0x0272	0x00CD      	MOVWF      _kp
;HW2.c,59 :: 		}
0x0273	0x2A6D      	GOTO       L_main2
L_main3:
;HW2.c,62 :: 		switch (kp) {
0x0274	0x2AB9      	GOTO       L_main4
;HW2.c,63 :: 		case  1: kp = 49; val = 1; break; // 1
L_main6:
0x0275	0x3031      	MOVLW      49
0x0276	0x00CD      	MOVWF      _kp
0x0277	0x3001      	MOVLW      1
0x0278	0x00CC      	MOVWF      _val
0x0279	0x2AF9      	GOTO       L_main5
;HW2.c,64 :: 		case  2: kp = 50; val = 2; break; // 2
L_main7:
0x027A	0x3032      	MOVLW      50
0x027B	0x00CD      	MOVWF      _kp
0x027C	0x3002      	MOVLW      2
0x027D	0x00CC      	MOVWF      _val
0x027E	0x2AF9      	GOTO       L_main5
;HW2.c,65 :: 		case  3: kp = 51; val = 3; break; // 3
L_main8:
0x027F	0x3033      	MOVLW      51
0x0280	0x00CD      	MOVWF      _kp
0x0281	0x3003      	MOVLW      3
0x0282	0x00CC      	MOVWF      _val
0x0283	0x2AF9      	GOTO       L_main5
;HW2.c,66 :: 		case  4: kp = 65; continue; break; // A
L_main9:
0x0284	0x3041      	MOVLW      65
0x0285	0x00CD      	MOVWF      _kp
0x0286	0x2A6C      	GOTO       L_main0
;HW2.c,67 :: 		case  5: kp = 52; val = 4; break; // 4
L_main10:
0x0287	0x3034      	MOVLW      52
0x0288	0x00CD      	MOVWF      _kp
0x0289	0x3004      	MOVLW      4
0x028A	0x00CC      	MOVWF      _val
0x028B	0x2AF9      	GOTO       L_main5
;HW2.c,68 :: 		case  6: kp = 53; val = 5; break; // 5
L_main11:
0x028C	0x3035      	MOVLW      53
0x028D	0x00CD      	MOVWF      _kp
0x028E	0x3005      	MOVLW      5
0x028F	0x00CC      	MOVWF      _val
0x0290	0x2AF9      	GOTO       L_main5
;HW2.c,69 :: 		case  7: kp = 54; val = 6; break; // 6
L_main12:
0x0291	0x3036      	MOVLW      54
0x0292	0x00CD      	MOVWF      _kp
0x0293	0x3006      	MOVLW      6
0x0294	0x00CC      	MOVWF      _val
0x0295	0x2AF9      	GOTO       L_main5
;HW2.c,70 :: 		case  8: kp = 66; continue; break; // B
L_main13:
0x0296	0x3042      	MOVLW      66
0x0297	0x00CD      	MOVWF      _kp
0x0298	0x2A6C      	GOTO       L_main0
;HW2.c,71 :: 		case  9: kp = 55; val = 7; break; // 7
L_main14:
0x0299	0x3037      	MOVLW      55
0x029A	0x00CD      	MOVWF      _kp
0x029B	0x3007      	MOVLW      7
0x029C	0x00CC      	MOVWF      _val
0x029D	0x2AF9      	GOTO       L_main5
;HW2.c,72 :: 		case 10: kp = 56; val = 8; break; // 8
L_main15:
0x029E	0x3038      	MOVLW      56
0x029F	0x00CD      	MOVWF      _kp
0x02A0	0x3008      	MOVLW      8
0x02A1	0x00CC      	MOVWF      _val
0x02A2	0x2AF9      	GOTO       L_main5
;HW2.c,73 :: 		case 11: kp = 57; val = 9; break; // 9
L_main16:
0x02A3	0x3039      	MOVLW      57
0x02A4	0x00CD      	MOVWF      _kp
0x02A5	0x3009      	MOVLW      9
0x02A6	0x00CC      	MOVWF      _val
0x02A7	0x2AF9      	GOTO       L_main5
;HW2.c,74 :: 		case 12: kp = 67; continue; break; // C
L_main17:
0x02A8	0x3043      	MOVLW      67
0x02A9	0x00CD      	MOVWF      _kp
0x02AA	0x2A6C      	GOTO       L_main0
;HW2.c,75 :: 		case 13: kp = 42; continue; break; // *
L_main18:
0x02AB	0x302A      	MOVLW      42
0x02AC	0x00CD      	MOVWF      _kp
0x02AD	0x2A6C      	GOTO       L_main0
;HW2.c,76 :: 		case 14: kp = 48; val = 0; break; // 0
L_main19:
0x02AE	0x3030      	MOVLW      48
0x02AF	0x00CD      	MOVWF      _kp
0x02B0	0x01CC      	CLRF       _val
0x02B1	0x2AF9      	GOTO       L_main5
;HW2.c,77 :: 		case 15: kp = 35; val = 0; break; // #
L_main20:
0x02B2	0x3023      	MOVLW      35
0x02B3	0x00CD      	MOVWF      _kp
0x02B4	0x01CC      	CLRF       _val
0x02B5	0x2AF9      	GOTO       L_main5
;HW2.c,78 :: 		case 16: kp = 68; continue; break; // D
L_main21:
0x02B6	0x3044      	MOVLW      68
0x02B7	0x00CD      	MOVWF      _kp
0x02B8	0x2A6C      	GOTO       L_main0
;HW2.c,79 :: 		}
L_main4:
0x02B9	0x084D      	MOVF       _kp, 0
0x02BA	0x3A01      	XORLW      1
0x02BB	0x1903      	BTFSC      STATUS, 2
0x02BC	0x2A75      	GOTO       L_main6
0x02BD	0x084D      	MOVF       _kp, 0
0x02BE	0x3A02      	XORLW      2
0x02BF	0x1903      	BTFSC      STATUS, 2
0x02C0	0x2A7A      	GOTO       L_main7
0x02C1	0x084D      	MOVF       _kp, 0
0x02C2	0x3A03      	XORLW      3
0x02C3	0x1903      	BTFSC      STATUS, 2
0x02C4	0x2A7F      	GOTO       L_main8
0x02C5	0x084D      	MOVF       _kp, 0
0x02C6	0x3A04      	XORLW      4
0x02C7	0x1903      	BTFSC      STATUS, 2
0x02C8	0x2A84      	GOTO       L_main9
0x02C9	0x084D      	MOVF       _kp, 0
0x02CA	0x3A05      	XORLW      5
0x02CB	0x1903      	BTFSC      STATUS, 2
0x02CC	0x2A87      	GOTO       L_main10
0x02CD	0x084D      	MOVF       _kp, 0
0x02CE	0x3A06      	XORLW      6
0x02CF	0x1903      	BTFSC      STATUS, 2
0x02D0	0x2A8C      	GOTO       L_main11
0x02D1	0x084D      	MOVF       _kp, 0
0x02D2	0x3A07      	XORLW      7
0x02D3	0x1903      	BTFSC      STATUS, 2
0x02D4	0x2A91      	GOTO       L_main12
0x02D5	0x084D      	MOVF       _kp, 0
0x02D6	0x3A08      	XORLW      8
0x02D7	0x1903      	BTFSC      STATUS, 2
0x02D8	0x2A96      	GOTO       L_main13
0x02D9	0x084D      	MOVF       _kp, 0
0x02DA	0x3A09      	XORLW      9
0x02DB	0x1903      	BTFSC      STATUS, 2
0x02DC	0x2A99      	GOTO       L_main14
0x02DD	0x084D      	MOVF       _kp, 0
0x02DE	0x3A0A      	XORLW      10
0x02DF	0x1903      	BTFSC      STATUS, 2
0x02E0	0x2A9E      	GOTO       L_main15
0x02E1	0x084D      	MOVF       _kp, 0
0x02E2	0x3A0B      	XORLW      11
0x02E3	0x1903      	BTFSC      STATUS, 2
0x02E4	0x2AA3      	GOTO       L_main16
0x02E5	0x084D      	MOVF       _kp, 0
0x02E6	0x3A0C      	XORLW      12
0x02E7	0x1903      	BTFSC      STATUS, 2
0x02E8	0x2AA8      	GOTO       L_main17
0x02E9	0x084D      	MOVF       _kp, 0
0x02EA	0x3A0D      	XORLW      13
0x02EB	0x1903      	BTFSC      STATUS, 2
0x02EC	0x2AAB      	GOTO       L_main18
0x02ED	0x084D      	MOVF       _kp, 0
0x02EE	0x3A0E      	XORLW      14
0x02EF	0x1903      	BTFSC      STATUS, 2
0x02F0	0x2AAE      	GOTO       L_main19
0x02F1	0x084D      	MOVF       _kp, 0
0x02F2	0x3A0F      	XORLW      15
0x02F3	0x1903      	BTFSC      STATUS, 2
0x02F4	0x2AB2      	GOTO       L_main20
0x02F5	0x084D      	MOVF       _kp, 0
0x02F6	0x3A10      	XORLW      16
0x02F7	0x1903      	BTFSC      STATUS, 2
0x02F8	0x2AB6      	GOTO       L_main21
L_main5:
;HW2.c,81 :: 		if (kp == 35) { // if # then next stage
0x02F9	0x084D      	MOVF       _kp, 0
0x02FA	0x3A23      	XORLW      35
0x02FB	0x1D03      	BTFSS      STATUS, 2
0x02FC	0x2B00      	GOTO       L_main22
;HW2.c,82 :: 		stage++;
0x02FD	0x0AA0      	INCF       _stage, 1
;HW2.c,83 :: 		LCD_move_cursor();
0x02FE	0x2155      	CALL       _LCD_move_cursor
;HW2.c,84 :: 		} else {
0x02FF	0x2B0B      	GOTO       L_main23
L_main22:
;HW2.c,85 :: 		if (kp > 47 && kp < 58) { // if number pressed then write it down
0x0300	0x084D      	MOVF       _kp, 0
0x0301	0x3C2F      	SUBLW      47
0x0302	0x1803      	BTFSC      STATUS, 0
0x0303	0x2B0B      	GOTO       L_main26
0x0304	0x303A      	MOVLW      58
0x0305	0x024D      	SUBWF      _kp, 0
0x0306	0x1803      	BTFSC      STATUS, 0
0x0307	0x2B0B      	GOTO       L_main26
L__main37:
;HW2.c,86 :: 		Lcd_Chr_CP(kp);
0x0308	0x084D      	MOVF       _kp, 0
0x0309	0x00D8      	MOVWF      FARG_Lcd_Chr_CP_out_char
0x030A	0x205A      	CALL       _Lcd_Chr_CP
;HW2.c,87 :: 		}
L_main26:
;HW2.c,88 :: 		}
L_main23:
;HW2.c,91 :: 		switch (stage) {
0x030B	0x2B33      	GOTO       L_main27
;HW2.c,92 :: 		case 1: // x input stage
L_main29:
;HW2.c,93 :: 		x = x * 10 + val;
0x030C	0x0834      	MOVF       _x, 0
0x030D	0x00F0      	MOVWF      R0
0x030E	0x300A      	MOVLW      10
0x030F	0x00F4      	MOVWF      R4
0x0310	0x2189      	CALL       _Mul_8X8_U
0x0311	0x084C      	MOVF       _val, 0
0x0312	0x0770      	ADDWF      R0, 0
0x0313	0x00B4      	MOVWF      _x
;HW2.c,94 :: 		break;
0x0314	0x2B3F      	GOTO       L_main28
;HW2.c,95 :: 		case 2: // y input stage
L_main30:
;HW2.c,96 :: 		y = y * 10 + val;
0x0315	0x0827      	MOVF       _y, 0
0x0316	0x00F0      	MOVWF      R0
0x0317	0x300A      	MOVLW      10
0x0318	0x00F4      	MOVWF      R4
0x0319	0x2189      	CALL       _Mul_8X8_U
0x031A	0x084C      	MOVF       _val, 0
0x031B	0x0770      	ADDWF      R0, 0
0x031C	0x00A7      	MOVWF      _y
;HW2.c,97 :: 		break;
0x031D	0x2B3F      	GOTO       L_main28
;HW2.c,98 :: 		case 3: // calculation stage
L_main31:
;HW2.c,99 :: 		LCD_sum_reset();
0x031E	0x217F      	CALL       _LCD_sum_reset
;HW2.c,100 :: 		LCD_move_cursor();
0x031F	0x2155      	CALL       _LCD_move_cursor
;HW2.c,101 :: 		WordToStr(x + y, txt);
0x0320	0x0827      	MOVF       _y, 0
0x0321	0x0734      	ADDWF      _x, 0
0x0322	0x00CE      	MOVWF      FARG_WordToStr_input
0x0323	0x01CF      	CLRF       FARG_WordToStr_input+1
0x0324	0x1803      	BTFSC      STATUS, 0
0x0325	0x0ACF      	INCF       FARG_WordToStr_input+1, 1
0x0326	0x3048      	MOVLW      _txt
0x0327	0x00D0      	MOVWF      FARG_WordToStr_output
0x0328	0x21C0      	CALL       _WordToStr
;HW2.c,102 :: 		Lcd_Out_CP(txt);
0x0329	0x3048      	MOVLW      _txt
0x032A	0x00CE      	MOVWF      FARG_Lcd_Out_CP_text
0x032B	0x2143      	CALL       _Lcd_Out_CP
;HW2.c,103 :: 		x = 0;
0x032C	0x01B4      	CLRF       _x
;HW2.c,104 :: 		y = 0;
0x032D	0x01A7      	CLRF       _y
;HW2.c,105 :: 		stage = 1;
0x032E	0x3001      	MOVLW      1
0x032F	0x00A0      	MOVWF      _stage
;HW2.c,106 :: 		LCD_inputs_reset();
0x0330	0x2132      	CALL       _LCD_inputs_reset
;HW2.c,107 :: 		LCD_move_cursor();
0x0331	0x2155      	CALL       _LCD_move_cursor
;HW2.c,108 :: 		break;
0x0332	0x2B3F      	GOTO       L_main28
;HW2.c,109 :: 		}
L_main27:
0x0333	0x0820      	MOVF       _stage, 0
0x0334	0x3A01      	XORLW      1
0x0335	0x1903      	BTFSC      STATUS, 2
0x0336	0x2B0C      	GOTO       L_main29
0x0337	0x0820      	MOVF       _stage, 0
0x0338	0x3A02      	XORLW      2
0x0339	0x1903      	BTFSC      STATUS, 2
0x033A	0x2B15      	GOTO       L_main30
0x033B	0x0820      	MOVF       _stage, 0
0x033C	0x3A03      	XORLW      3
0x033D	0x1903      	BTFSC      STATUS, 2
0x033E	0x2B1E      	GOTO       L_main31
L_main28:
;HW2.c,110 :: 		}
0x033F	0x2A6C      	GOTO       L_main0
;HW2.c,111 :: 		}
L_end_main:
0x0340	0x2B40      	GOTO       $+0
; end of _main
0x036C	0x3020      	MOVLW      32
0x036D	0x0084      	MOVWF      FSR
0x036E	0x3026      	MOVLW      38
0x036F	0x1283      	BCF        STATUS, 5
0x0370	0x1303      	BCF        STATUS, 6
0x0371	0x00F0      	MOVWF      R0
0x0372	0x3046      	MOVLW      70
0x0373	0x00C6      	MOVWF      ___DoICPAddr
0x0374	0x3003      	MOVLW      3
0x0375	0x00C7      	MOVWF      71
0x0376	0x21A7      	CALL       423
0x0377	0x0008      	RETURN
;HW2.c,0 :: ?ICS_stage
0x0346	0x3401 ;?ICS_stage+0
; end of ?ICS_stage
;HW2.c,0 :: ?ICS?lstr6_HW2
0x0347	0x3420 ;?ICS?lstr6_HW2+0
0x0348	0x3420 ;?ICS?lstr6_HW2+1
0x0349	0x3420 ;?ICS?lstr6_HW2+2
0x034A	0x3420 ;?ICS?lstr6_HW2+3
0x034B	0x3420 ;?ICS?lstr6_HW2+4
0x034C	0x3400 ;?ICS?lstr6_HW2+5
; end of ?ICS?lstr6_HW2
;HW2.c,0 :: ?ICS_y
0x034D	0x3400 ;?ICS_y+0
; end of ?ICS_y
;HW2.c,0 :: ?ICS?lstr4_HW2
0x034E	0x3420 ;?ICS?lstr4_HW2+0
0x034F	0x3420 ;?ICS?lstr4_HW2+1
0x0350	0x3420 ;?ICS?lstr4_HW2+2
0x0351	0x3420 ;?ICS?lstr4_HW2+3
0x0352	0x3420 ;?ICS?lstr4_HW2+4
0x0353	0x3400 ;?ICS?lstr4_HW2+5
; end of ?ICS?lstr4_HW2
;HW2.c,0 :: ?ICS?lstr5_HW2
0x0354	0x3420 ;?ICS?lstr5_HW2+0
0x0355	0x3420 ;?ICS?lstr5_HW2+1
0x0356	0x3420 ;?ICS?lstr5_HW2+2
0x0357	0x3420 ;?ICS?lstr5_HW2+3
0x0358	0x3420 ;?ICS?lstr5_HW2+4
0x0359	0x3400 ;?ICS?lstr5_HW2+5
; end of ?ICS?lstr5_HW2
;HW2.c,0 :: ?ICS_x
0x035A	0x3400 ;?ICS_x+0
; end of ?ICS_x
;HW2.c,0 :: ?ICS?lstr2_HW2
0x035B	0x3478 ;?ICS?lstr2_HW2+0
0x035C	0x342B ;?ICS?lstr2_HW2+1
0x035D	0x3479 ;?ICS?lstr2_HW2+2
0x035E	0x3420 ;?ICS?lstr2_HW2+3
0x035F	0x343D ;?ICS?lstr2_HW2+4
0x0360	0x3420 ;?ICS?lstr2_HW2+5
0x0361	0x3400 ;?ICS?lstr2_HW2+6
; end of ?ICS?lstr2_HW2
;HW2.c,0 :: ?ICS?lstr1_HW2
0x0362	0x3479 ;?ICS?lstr1_HW2+0
0x0363	0x3420 ;?ICS?lstr1_HW2+1
0x0364	0x343D ;?ICS?lstr1_HW2+2
0x0365	0x3420 ;?ICS?lstr1_HW2+3
0x0366	0x3400 ;?ICS?lstr1_HW2+4
; end of ?ICS?lstr1_HW2
;HW2.c,0 :: ?ICS?lstr3_HW2
0x0367	0x3478 ;?ICS?lstr3_HW2+0
0x0368	0x3420 ;?ICS?lstr3_HW2+1
0x0369	0x343D ;?ICS?lstr3_HW2+2
0x036A	0x3420 ;?ICS?lstr3_HW2+3
0x036B	0x3400 ;?ICS?lstr3_HW2+4
; end of ?ICS?lstr3_HW2
Symbol List:
//** Routines locations **
//ADDRESS    SIZE    PROCEDURE
//----------------------------------------------
0x0003       [3]    _Delay_1us
0x0006       [7]    _Delay_50us
0x000D      [13]    _Delay_5500us
0x001A      [64]    _Lcd_Cmd
0x005A       [8]    _Lcd_Chr_CP
0x0062      [47]    _Keypad_Key_Press
0x0091       [7]    _____DoICP
0x0098      [29]    _Div_16X16_U
0x00B5      [64]    _Lcd_Out
0x00F5      [53]    _Lcd_Chr
0x012A       [8]    _Delay_10us
0x0132      [17]    _LCD_inputs_reset
0x0143      [18]    _Lcd_Out_CP
0x0155      [42]    _LCD_move_cursor
0x017F      [10]    _LCD_sum_reset
0x0189      [25]    _Mul_8X8_U
0x01A2       [5]    _Keypad_Init
0x01A7      [12]    ___CC2DW
0x01B3      [13]    _Keypad_Key_Click
0x01C0      [64]    _WordToStr
0x0200      [78]    _Lcd_Init
0x024E     [242]    _main
//** Variables locations ** 
//ADDRESS    SIZE    VARIABLE
//----------------------------------------------
0x0000       [1]    INDF
0x0002       [1]    PCL
0x0003       [1]    STATUS
0x0004       [1]    FSR
0x0006       [0]    LCD_D5
0x0006       [0]    LCD_D4
0x0006       [0]    LCD_EN
0x0006       [0]    LCD_D6
0x0006       [0]    RB1_bit
0x0006       [0]    RB2_bit
0x0006       [0]    RB3_bit
0x0006       [0]    RB0_bit
0x0006       [0]    RB4_bit
0x0006       [0]    LCD_D7
0x0006       [0]    RB5_bit
0x0006       [0]    LCD_RS
0x0008       [1]    PORTD
0x0008       [1]    keypadPort
0x000A       [1]    PCLATH
0x0020       [1]    _stage
0x0021       [6]    ?lstr6_HW2
0x0027       [1]    _y
0x0028       [6]    ?lstr4_HW2
0x002E       [6]    ?lstr5_HW2
0x0034       [1]    _x
0x0035       [7]    ?lstr2_HW2
0x003C       [5]    ?lstr1_HW2
0x0041       [5]    ?lstr3_HW2
0x0046       [2]    ___DoICPAddr
0x0048       [3]    _txt
0x004B       [0]    __Lib_Lcd_cmd_status
0x004C       [1]    _val
0x004D       [1]    _kp
0x004E       [1]    Keypad_Key_Click_rslt_L0
0x004E       [1]    FARG_Lcd_Out_CP_text
0x004E       [2]    FARG_WordToStr_input
0x004F       [1]    Lcd_Out_CP_i_L0
0x0050       [1]    FARG_WordToStr_output
0x0051       [1]    WordToStr_len_L0
0x0052       [1]    FLOC__WordToStr
0x0053       [1]    FARG_Lcd_Chr_row
0x0053       [1]    FARG_Lcd_Out_row
0x0053       [1]    Keypad_Key_Press_rslt_L0
0x0054       [1]    Keypad_Key_Press_kdata_L0
0x0054       [1]    FARG_Lcd_Chr_column
0x0054       [1]    FARG_Lcd_Out_column
0x0055       [1]    FARG_Lcd_Chr_out_char
0x0055       [1]    FARG_Lcd_Out_text
0x0055       [1]    Keypad_Key_Press_loc_L0
0x0056       [1]    Lcd_Out_i_L0
0x0056       [1]    Keypad_Key_Press_rowcnt_L0
0x0057       [1]    Keypad_Key_Press_shifter_L0
0x0058       [1]    FARG_Lcd_Chr_CP_out_char
0x0059       [1]    FARG_Lcd_Cmd_out_char
0x0070       [1]    R0
0x0071       [1]    R1
0x0072       [1]    R2
0x0073       [1]    R3
0x0074       [1]    R4
0x0075       [1]    R5
0x0076       [1]    R6
0x0077       [1]    R7
0x0078       [1]    R8
0x0079       [1]    R9
0x007A       [1]    R10
0x007B       [1]    R11
0x007C       [1]    R12
0x007D       [1]    R13
0x007E       [1]    R14
0x007F       [1]    R15
0x0086       [0]    TRISB2_bit
0x0086       [0]    TRISB4_bit
0x0086       [0]    TRISB3_bit
0x0086       [0]    LCD_D7_Direction
0x0086       [0]    TRISB1_bit
0x0086       [0]    TRISB0_bit
0x0086       [0]    TRISB5_bit
0x0086       [0]    LCD_RS_Direction
0x0086       [0]    LCD_D4_Direction
0x0086       [0]    LCD_EN_Direction
0x0086       [0]    LCD_D5_Direction
0x0086       [0]    LCD_D6_Direction
0x0188       [1]    ANSEL
0x0189       [1]    ANSELH
//** Constants locations ** 
//ADDRESS    SIZE    CONSTANT
//----------------------------------------------
0x0346       [1]    ?ICS_stage
0x0347       [6]    ?ICS?lstr6_HW2
0x034D       [1]    ?ICS_y
0x034E       [6]    ?ICS?lstr4_HW2
0x0354       [6]    ?ICS?lstr5_HW2
0x035A       [1]    ?ICS_x
0x035B       [7]    ?ICS?lstr2_HW2
0x0362       [5]    ?ICS?lstr1_HW2
0x0367       [5]    ?ICS?lstr3_HW2
